This file contains any messages produced by compilers while
running configure, to aid debugging if configure makes a mistake.

It was created by configure, which was
generated by GNU Autoconf 2.71.  Invocation command line was

  $ ./configure --disable-memcached-sasl

## --------- ##
## Platform. ##
## --------- ##

hostname = Piotrs-Mac-mini.Dlink
uname -m = arm64
uname -r = 21.6.0
uname -s = Darwin
uname -v = Darwin Kernel Version 21.6.0: Thu Sep 29 20:13:46 PDT 2022; root:xnu-8020.240.7~1/RELEASE_ARM64_T8101

/usr/bin/uname -p = arm
/bin/uname -X     = unknown

/bin/arch              = unknown
/usr/bin/arch -k       = unknown
/usr/convex/getsysinfo = unknown
/usr/bin/hostinfo      = Mach kernel version:
	 Darwin Kernel Version 21.6.0: Thu Sep 29 20:13:46 PDT 2022; root:xnu-8020.240.7~1/RELEASE_ARM64_T8101
Kernel configured for up to 8 processors.
8 processors are physically available.
8 processors are logically available.
Processor type: arm64e (ARM64E)
Processors active: 0 1 2 3 4 5 6 7
Primary memory available: 16.00 gigabytes
Default processor set: 457 tasks, 2560 threads, 8 processors
Load average: 8.15, Mach factor: 3.78
/bin/machine           = unknown
/usr/bin/oslevel       = unknown
/bin/universe          = unknown

PATH: /opt/homebrew/bin/
PATH: /usr/local/bin/
PATH: /usr/bin/
PATH: /bin/
PATH: /usr/sbin/
PATH: /sbin/
PATH: /Library/Apple/usr/bin/
PATH: /opt/homebrew/bin/


## ----------- ##
## Core tests. ##
## ----------- ##

configure:2492: looking for aux files: config.guess config.sub
configure:2505:  trying ./
configure:2534:   ./config.guess found
configure:2534:   ./config.sub found
configure:2649: checking for grep that handles long lines and -e
configure:2713: result: /usr/bin/grep
configure:2718: checking for egrep
configure:2786: result: /usr/bin/grep -E
configure:2791: checking for a sed that does not truncate output
configure:2846: result: /usr/bin/sed
configure:2997: checking for cc
configure:3018: found /usr/bin/cc
configure:3029: result: cc
configure:3060: checking for C compiler version
configure:3069: cc --version >&5
Apple clang version 14.0.0 (clang-1400.0.29.102)
Target: arm64-apple-darwin21.6.0
Thread model: posix
InstalledDir: /Library/Developer/CommandLineTools/usr/bin
configure:3080: $? = 0
configure:3069: cc -v >&5
Apple clang version 14.0.0 (clang-1400.0.29.102)
Target: arm64-apple-darwin21.6.0
Thread model: posix
InstalledDir: /Library/Developer/CommandLineTools/usr/bin
configure:3080: $? = 0
configure:3069: cc -V >&5
clang: error: argument to '-V' is missing (expected 1 value)
clang: error: no input files
configure:3080: $? = 1
configure:3069: cc -qversion >&5
clang: error: unknown argument '-qversion'; did you mean '--version'?
clang: error: no input files
configure:3080: $? = 1
configure:3069: cc -version >&5
clang: error: unknown argument '-version'; did you mean '--version'?
clang: error: no input files
configure:3080: $? = 1
configure:3100: checking whether the C compiler works
configure:3122: cc    conftest.c  >&5
configure:3126: $? = 0
configure:3176: result: yes
configure:3179: checking for C compiler default output file name
configure:3181: result: a.out
configure:3187: checking for suffix of executables
configure:3194: cc -o conftest    conftest.c  >&5
configure:3198: $? = 0
configure:3221: result: 
configure:3243: checking whether we are cross compiling
configure:3251: cc -o conftest    conftest.c  >&5
configure:3255: $? = 0
configure:3262: ./conftest
configure:3266: $? = 0
configure:3281: result: no
configure:3286: checking for suffix of object files
configure:3309: cc -c   conftest.c >&5
configure:3313: $? = 0
configure:3335: result: o
configure:3339: checking whether the compiler supports GNU C
configure:3359: cc -c   conftest.c >&5
configure:3359: $? = 0
configure:3369: result: yes
configure:3380: checking whether cc accepts -g
configure:3401: cc -c -g  conftest.c >&5
configure:3401: $? = 0
configure:3445: result: yes
configure:3465: checking for cc option to enable C11 features
configure:3480: cc  -c -g -O2  conftest.c >&5
configure:3480: $? = 0
configure:3498: result: none needed
configure:3614: checking how to run the C preprocessor
configure:3640: cc -E  conftest.c
configure:3640: $? = 0
configure:3655: cc -E  conftest.c
conftest.c:9:10: fatal error: 'ac_nonexistent.h' file not found
#include <ac_nonexistent.h>
         ^~~~~~~~~~~~~~~~~~
1 error generated.
configure:3655: $? = 1
configure: failed program was:
| /* confdefs.h */
| #define PACKAGE_NAME ""
| #define PACKAGE_TARNAME ""
| #define PACKAGE_VERSION ""
| #define PACKAGE_STRING ""
| #define PACKAGE_BUGREPORT ""
| #define PACKAGE_URL ""
| /* end confdefs.h.  */
| #include <ac_nonexistent.h>
configure:3682: result: cc -E
configure:3696: cc -E  conftest.c
configure:3696: $? = 0
configure:3711: cc -E  conftest.c
conftest.c:9:10: fatal error: 'ac_nonexistent.h' file not found
#include <ac_nonexistent.h>
         ^~~~~~~~~~~~~~~~~~
1 error generated.
configure:3711: $? = 1
configure: failed program was:
| /* confdefs.h */
| #define PACKAGE_NAME ""
| #define PACKAGE_TARNAME ""
| #define PACKAGE_VERSION ""
| #define PACKAGE_STRING ""
| #define PACKAGE_BUGREPORT ""
| #define PACKAGE_URL ""
| /* end confdefs.h.  */
| #include <ac_nonexistent.h>
configure:3744: checking for icc
configure:3754: result: no
configure:3768: checking for suncc
configure:3778: result: no
configure:3796: checking whether cc understands -c and -o together
configure:3825: cc -c conftest.c -o conftest2.o >&5
configure:3829: $? = 0
configure:3835: cc -c conftest.c -o conftest2.o >&5
configure:3839: $? = 0
configure:3894: result: yes
configure:3908: checking for system library directory
configure:3924: result: lib
configure:3931: checking if compiler supports -R
configure:3951: cc -o conftest -g -O2   conftest.c -R /usr/lib  >&5
warning: unknown remark option '-R' [-Wunknown-warning-option]
1 warning generated.
ld: can't map file, errno=22 file '/Library/Developer/CommandLineTools/SDKs/MacOSX.sdk/usr/lib' for architecture arm64
clang: error: linker command failed with exit code 1 (use -v to see invocation)
configure:3951: $? = 1
configure: failed program was:
| /* confdefs.h */
| #define PACKAGE_NAME ""
| #define PACKAGE_TARNAME ""
| #define PACKAGE_VERSION ""
| #define PACKAGE_STRING ""
| #define PACKAGE_BUGREPORT ""
| #define PACKAGE_URL ""
| /* end confdefs.h.  */
| 
| int
| main (void)
| {
| 
|   ;
|   return 0;
| }
configure:3962: result: no
configure:3967: checking if compiler supports -Wl,-rpath,
configure:3987: cc -o conftest -g -O2   conftest.c -Wl,-rpath,/usr/lib  >&5
configure:3987: $? = 0
configure:3998: result: yes
configure:4017: checking build system type
configure:4032: result: arm-apple-darwin21.6.0
configure:4052: checking host system type
configure:4066: result: arm-apple-darwin21.6.0
configure:4086: checking target system type
configure:4100: result: arm-apple-darwin21.6.0
configure:4204: checking for PHP prefix
configure:4206: result: /opt/homebrew/Cellar/php@7.3/7.3.33_3
configure:4208: checking for PHP includes
configure:4210: result: -I/opt/homebrew/Cellar/php@7.3/7.3.33_3/include/php -I/opt/homebrew/Cellar/php@7.3/7.3.33_3/include/php/main -I/opt/homebrew/Cellar/php@7.3/7.3.33_3/include/php/TSRM -I/opt/homebrew/Cellar/php@7.3/7.3.33_3/include/php/Zend -I/opt/homebrew/Cellar/php@7.3/7.3.33_3/include/php/ext -I/opt/homebrew/Cellar/php@7.3/7.3.33_3/include/php/ext/date/lib
configure:4212: checking for PHP extension directory
configure:4214: result: /opt/homebrew/Cellar/php@7.3/7.3.33_3/pecl/20180731
configure:4216: checking for PHP installed headers prefix
configure:4218: result: /opt/homebrew/Cellar/php@7.3/7.3.33_3/include/php
configure:4221: checking if debug is enabled
configure:4248: result: no
configure:4251: checking if zts is enabled
configure:4278: result: no
configure:4349: checking for re2c
configure:4384: result: no
configure:4410: WARNING: You will need re2c 0.13.4 or later if you want to regenerate PHP parsers.
configure:4424: checking for gawk
configure:4460: result: no
configure:4424: checking for nawk
configure:4460: result: no
configure:4424: checking for awk
configure:4446: found /usr/bin/awk
configure:4457: result: awk
configure:4480: checking if awk is broken
configure:4487: result: no
configure:4501: checking whether to enable memcached support
configure:4541: result: yes, shared
configure:4550: checking for libmemcached
configure:4591: result: yes, shared
configure:4600: checking whether to enable memcached session handler support
configure:4615: result: yes
configure:4624: checking whether to enable memcached igbinary serializer support
configure:4639: result: no
configure:4648: checking whether to enable memcached json serializer support
configure:4663: result: no
configure:4672: checking whether to enable memcached msgpack serializer support
configure:4687: result: no
configure:4696: checking whether to enable memcached sasl support
configure:4711: result: no
configure:4720: checking whether to enable memcached protocol support
configure:4735: result: no
configure:4745: checking for ZLIB
configure:4786: result: yes, shared
configure:4811: checking for pkg-config
configure:4834: found /opt/homebrew/bin/pkg-config
configure:4847: result: /opt/homebrew/bin/pkg-config
configure:4883: checking for zlib location
configure:5029: error: memcached support requires ZLIB. Use --with-zlib-dir=<DIR> to specify the prefix where ZLIB headers and library are located

## ---------------- ##
## Cache variables. ##
## ---------------- ##

ac_cv_build=arm-apple-darwin21.6.0
ac_cv_c_compiler_gnu=yes
ac_cv_env_CC_set=
ac_cv_env_CC_value=
ac_cv_env_CFLAGS_set=
ac_cv_env_CFLAGS_value=
ac_cv_env_CPPFLAGS_set=
ac_cv_env_CPPFLAGS_value=
ac_cv_env_CPP_set=
ac_cv_env_CPP_value=
ac_cv_env_LDFLAGS_set=
ac_cv_env_LDFLAGS_value=
ac_cv_env_LIBS_set=
ac_cv_env_LIBS_value=
ac_cv_env_build_alias_set=
ac_cv_env_build_alias_value=
ac_cv_env_host_alias_set=
ac_cv_env_host_alias_value=
ac_cv_env_target_alias_set=
ac_cv_env_target_alias_value=
ac_cv_host=arm-apple-darwin21.6.0
ac_cv_objext=o
ac_cv_path_EGREP='/usr/bin/grep -E'
ac_cv_path_GREP=/usr/bin/grep
ac_cv_path_PKG_CONFIG=/opt/homebrew/bin/pkg-config
ac_cv_prog_AWK=awk
ac_cv_prog_CPP='cc -E'
ac_cv_prog_ac_ct_CC=cc
ac_cv_prog_cc_c11=
ac_cv_prog_cc_cc_c_o=yes
ac_cv_prog_cc_g=yes
ac_cv_prog_cc_stdc=
ac_cv_target=arm-apple-darwin21.6.0
lt_cv_path_SED=/usr/bin/sed
php_cv_cc_dashr=no
php_cv_cc_rpath=yes

## ----------------- ##
## Output variables. ##
## ----------------- ##

AR=''
AWK='awk'
CC='cc'
CFLAGS='-g -O2'
CONFIGURE_COMMAND=' '\''./configure'\''  '\''--disable-memcached-sasl'\'''
CONFIGURE_OPTIONS=' '\''--disable-memcached-sasl'\'''
CPP='cc -E'
CPPFLAGS=''
DEFS=''
DSYMUTIL=''
ECHO='/bin/echo'
ECHO_C='\c'
ECHO_N=''
ECHO_T=''
EGREP='/usr/bin/grep -E'
EXEEXT=''
GREP='/usr/bin/grep'
LDFLAGS=''
LIBOBJS=''
LIBS=''
LIBTOOL=''
LN_S=''
LTLIBOBJS=''
NMEDIT=''
OBJEXT='o'
PACKAGE_BUGREPORT=''
PACKAGE_NAME=''
PACKAGE_STRING=''
PACKAGE_TARNAME=''
PACKAGE_URL=''
PACKAGE_VERSION=''
PATH_SEPARATOR=':'
PKG_CONFIG='/opt/homebrew/bin/pkg-config'
RANLIB=''
RE2C='exit 0;'
SED='/usr/bin/sed'
SHELL='/bin/sh'
SHLIB_DL_SUFFIX_NAME='so'
SHLIB_SUFFIX_NAME='dylib'
STRIP=''
ac_ct_CC='cc'
bindir='${exec_prefix}/bin'
build='arm-apple-darwin21.6.0'
build_alias=''
build_cpu='arm'
build_os='darwin21.6.0'
build_vendor='apple'
datadir='${datarootdir}'
datarootdir='${prefix}/share'
docdir='${datarootdir}/doc/${PACKAGE}'
dvidir='${docdir}'
exec_prefix='NONE'
host='arm-apple-darwin21.6.0'
host_alias='arm-apple-darwin21.6.0'
host_cpu='arm'
host_os='darwin21.6.0'
host_vendor='apple'
htmldir='${docdir}'
includedir='${prefix}/include'
infodir='${datarootdir}/info'
libdir='${exec_prefix}/lib'
libexecdir='${exec_prefix}/libexec'
localedir='${datarootdir}/locale'
localstatedir='${prefix}/var'
mandir='${datarootdir}/man'
oldincludedir='/usr/include'
pdfdir='${docdir}'
prefix='/opt/homebrew/Cellar/php@7.3/7.3.33_3'
program_transform_name='s,x,x,'
psdir='${docdir}'
runstatedir='${localstatedir}/run'
sbindir='${exec_prefix}/sbin'
sharedstatedir='${prefix}/com'
sysconfdir='${prefix}/etc'
target='arm-apple-darwin21.6.0'
target_alias=''
target_cpu='arm'
target_os='darwin21.6.0'
target_vendor='apple'

## ----------- ##
## confdefs.h. ##
## ----------- ##

/* confdefs.h */
#define PACKAGE_NAME ""
#define PACKAGE_TARNAME ""
#define PACKAGE_VERSION ""
#define PACKAGE_STRING ""
#define PACKAGE_BUGREPORT ""
#define PACKAGE_URL ""

configure: exit 1
