This file contains any messages produced by compilers while
running configure, to aid debugging if configure makes a mistake.

It was created by configure, which was
generated by GNU Autoconf 2.71.  Invocation command line was

  $ ./configure --with-zlib-dir=/opt/homebrew/Cellar/zlib/1.2.13

## --------- ##
## Platform. ##
## --------- ##

hostname = Piotrs-Mac-mini.Dlink
uname -m = arm64
uname -r = 21.6.0
uname -s = Darwin
uname -v = Darwin Kernel Version 21.6.0: Thu Sep 29 20:13:46 PDT 2022; root:xnu-8020.240.7~1/RELEASE_ARM64_T8101

/usr/bin/uname -p = arm
/bin/uname -X     = unknown

/bin/arch              = unknown
/usr/bin/arch -k       = unknown
/usr/convex/getsysinfo = unknown
/usr/bin/hostinfo      = Mach kernel version:
	 Darwin Kernel Version 21.6.0: Thu Sep 29 20:13:46 PDT 2022; root:xnu-8020.240.7~1/RELEASE_ARM64_T8101
Kernel configured for up to 8 processors.
8 processors are physically available.
8 processors are logically available.
Processor type: arm64e (ARM64E)
Processors active: 0 1 2 3 4 5 6 7
Primary memory available: 16.00 gigabytes
Default processor set: 438 tasks, 2307 threads, 8 processors
Load average: 1.74, Mach factor: 6.24
/bin/machine           = unknown
/usr/bin/oslevel       = unknown
/bin/universe          = unknown

PATH: /opt/homebrew/bin/
PATH: /usr/local/bin/
PATH: /usr/bin/
PATH: /bin/
PATH: /usr/sbin/
PATH: /sbin/
PATH: /Library/Apple/usr/bin/
PATH: /opt/homebrew/bin/


## ----------- ##
## Core tests. ##
## ----------- ##

configure:2492: looking for aux files: config.guess config.sub
configure:2505:  trying ./
configure:2534:   ./config.guess found
configure:2534:   ./config.sub found
configure:2649: checking for grep that handles long lines and -e
configure:2713: result: /usr/bin/grep
configure:2718: checking for egrep
configure:2786: result: /usr/bin/grep -E
configure:2791: checking for a sed that does not truncate output
configure:2846: result: /usr/bin/sed
configure:2997: checking for cc
configure:3018: found /usr/bin/cc
configure:3029: result: cc
configure:3060: checking for C compiler version
configure:3069: cc --version >&5
Apple clang version 14.0.0 (clang-1400.0.29.102)
Target: arm64-apple-darwin21.6.0
Thread model: posix
InstalledDir: /Library/Developer/CommandLineTools/usr/bin
configure:3080: $? = 0
configure:3069: cc -v >&5
Apple clang version 14.0.0 (clang-1400.0.29.102)
Target: arm64-apple-darwin21.6.0
Thread model: posix
InstalledDir: /Library/Developer/CommandLineTools/usr/bin
configure:3080: $? = 0
configure:3069: cc -V >&5
clang: error: argument to '-V' is missing (expected 1 value)
clang: error: no input files
configure:3080: $? = 1
configure:3069: cc -qversion >&5
clang: error: unknown argument '-qversion'; did you mean '--version'?
clang: error: no input files
configure:3080: $? = 1
configure:3069: cc -version >&5
clang: error: unknown argument '-version'; did you mean '--version'?
clang: error: no input files
configure:3080: $? = 1
configure:3100: checking whether the C compiler works
configure:3122: cc    conftest.c  >&5
configure:3126: $? = 0
configure:3176: result: yes
configure:3179: checking for C compiler default output file name
configure:3181: result: a.out
configure:3187: checking for suffix of executables
configure:3194: cc -o conftest    conftest.c  >&5
configure:3198: $? = 0
configure:3221: result: 
configure:3243: checking whether we are cross compiling
configure:3251: cc -o conftest    conftest.c  >&5
configure:3255: $? = 0
configure:3262: ./conftest
configure:3266: $? = 0
configure:3281: result: no
configure:3286: checking for suffix of object files
configure:3309: cc -c   conftest.c >&5
configure:3313: $? = 0
configure:3335: result: o
configure:3339: checking whether the compiler supports GNU C
configure:3359: cc -c   conftest.c >&5
configure:3359: $? = 0
configure:3369: result: yes
configure:3380: checking whether cc accepts -g
configure:3401: cc -c -g  conftest.c >&5
configure:3401: $? = 0
configure:3445: result: yes
configure:3465: checking for cc option to enable C11 features
configure:3480: cc  -c -g -O2  conftest.c >&5
configure:3480: $? = 0
configure:3498: result: none needed
configure:3614: checking how to run the C preprocessor
configure:3640: cc -E  conftest.c
configure:3640: $? = 0
configure:3655: cc -E  conftest.c
conftest.c:9:10: fatal error: 'ac_nonexistent.h' file not found
#include <ac_nonexistent.h>
         ^~~~~~~~~~~~~~~~~~
1 error generated.
configure:3655: $? = 1
configure: failed program was:
| /* confdefs.h */
| #define PACKAGE_NAME ""
| #define PACKAGE_TARNAME ""
| #define PACKAGE_VERSION ""
| #define PACKAGE_STRING ""
| #define PACKAGE_BUGREPORT ""
| #define PACKAGE_URL ""
| /* end confdefs.h.  */
| #include <ac_nonexistent.h>
configure:3682: result: cc -E
configure:3696: cc -E  conftest.c
configure:3696: $? = 0
configure:3711: cc -E  conftest.c
conftest.c:9:10: fatal error: 'ac_nonexistent.h' file not found
#include <ac_nonexistent.h>
         ^~~~~~~~~~~~~~~~~~
1 error generated.
configure:3711: $? = 1
configure: failed program was:
| /* confdefs.h */
| #define PACKAGE_NAME ""
| #define PACKAGE_TARNAME ""
| #define PACKAGE_VERSION ""
| #define PACKAGE_STRING ""
| #define PACKAGE_BUGREPORT ""
| #define PACKAGE_URL ""
| /* end confdefs.h.  */
| #include <ac_nonexistent.h>
configure:3744: checking for icc
configure:3754: result: no
configure:3768: checking for suncc
configure:3778: result: no
configure:3796: checking whether cc understands -c and -o together
configure:3825: cc -c conftest.c -o conftest2.o >&5
configure:3829: $? = 0
configure:3835: cc -c conftest.c -o conftest2.o >&5
configure:3839: $? = 0
configure:3894: result: yes
configure:3908: checking for system library directory
configure:3924: result: lib
configure:3931: checking if compiler supports -R
configure:3951: cc -o conftest -g -O2   conftest.c -R /usr/lib  >&5
warning: unknown remark option '-R' [-Wunknown-warning-option]
1 warning generated.
ld: can't map file, errno=22 file '/Library/Developer/CommandLineTools/SDKs/MacOSX.sdk/usr/lib' for architecture arm64
clang: error: linker command failed with exit code 1 (use -v to see invocation)
configure:3951: $? = 1
configure: failed program was:
| /* confdefs.h */
| #define PACKAGE_NAME ""
| #define PACKAGE_TARNAME ""
| #define PACKAGE_VERSION ""
| #define PACKAGE_STRING ""
| #define PACKAGE_BUGREPORT ""
| #define PACKAGE_URL ""
| /* end confdefs.h.  */
| 
| int
| main (void)
| {
| 
|   ;
|   return 0;
| }
configure:3962: result: no
configure:3967: checking if compiler supports -Wl,-rpath,
configure:3987: cc -o conftest -g -O2   conftest.c -Wl,-rpath,/usr/lib  >&5
configure:3987: $? = 0
configure:3998: result: yes
configure:4017: checking build system type
configure:4032: result: arm-apple-darwin21.6.0
configure:4052: checking host system type
configure:4066: result: arm-apple-darwin21.6.0
configure:4086: checking target system type
configure:4100: result: arm-apple-darwin21.6.0
configure:4204: checking for PHP prefix
configure:4206: result: /opt/homebrew/Cellar/php@7.3/7.3.33_3
configure:4208: checking for PHP includes
configure:4210: result: -I/opt/homebrew/Cellar/php@7.3/7.3.33_3/include/php -I/opt/homebrew/Cellar/php@7.3/7.3.33_3/include/php/main -I/opt/homebrew/Cellar/php@7.3/7.3.33_3/include/php/TSRM -I/opt/homebrew/Cellar/php@7.3/7.3.33_3/include/php/Zend -I/opt/homebrew/Cellar/php@7.3/7.3.33_3/include/php/ext -I/opt/homebrew/Cellar/php@7.3/7.3.33_3/include/php/ext/date/lib
configure:4212: checking for PHP extension directory
configure:4214: result: /opt/homebrew/Cellar/php@7.3/7.3.33_3/pecl/20180731
configure:4216: checking for PHP installed headers prefix
configure:4218: result: /opt/homebrew/Cellar/php@7.3/7.3.33_3/include/php
configure:4221: checking if debug is enabled
configure:4248: result: no
configure:4251: checking if zts is enabled
configure:4278: result: no
configure:4349: checking for re2c
configure:4384: result: no
configure:4410: WARNING: You will need re2c 0.13.4 or later if you want to regenerate PHP parsers.
configure:4424: checking for gawk
configure:4460: result: no
configure:4424: checking for nawk
configure:4460: result: no
configure:4424: checking for awk
configure:4446: found /usr/bin/awk
configure:4457: result: awk
configure:4480: checking if awk is broken
configure:4487: result: no
configure:4501: checking whether to enable memcached support
configure:4541: result: yes, shared
configure:4550: checking for libmemcached
configure:4591: result: yes, shared
configure:4600: checking whether to enable memcached session handler support
configure:4615: result: yes
configure:4624: checking whether to enable memcached igbinary serializer support
configure:4639: result: no
configure:4648: checking whether to enable memcached json serializer support
configure:4663: result: no
configure:4672: checking whether to enable memcached msgpack serializer support
configure:4687: result: no
configure:4696: checking whether to enable memcached sasl support
configure:4711: result: yes
configure:4720: checking whether to enable memcached protocol support
configure:4735: result: no
configure:4745: checking for ZLIB
configure:4786: result: yes, shared
configure:4811: checking for pkg-config
configure:4834: found /opt/homebrew/bin/pkg-config
configure:4847: result: /opt/homebrew/bin/pkg-config
configure:4883: checking for zlib location
configure:4886: result: /opt/homebrew/Cellar/zlib/1.2.13
configure:5033: checking for session includes
configure:5054: result: /opt/homebrew/Cellar/php@7.3/7.3.33_3/include/php
configure:5196: checking for memcached session support
configure:5199: result: enabled
configure:5232: checking for memcached igbinary support
configure:5264: result: disabled
configure:5268: checking for memcached msgpack support
configure:5300: result: disabled
configure:5304: checking for libmemcached location
configure:5324: result: found version 1.0.18, under /opt/homebrew/Cellar/libmemcached/1.0.18_2
configure:5484: checking whether to enable sasl support
configure:5487: result: yes
configure:5493: checking for stdio.h
configure:5493: cc -c -g -O2 -I/opt/homebrew/Cellar/php@7.3/7.3.33_3/include/php -I/opt/homebrew/Cellar/php@7.3/7.3.33_3/include/php/main -I/opt/homebrew/Cellar/php@7.3/7.3.33_3/include/php/TSRM -I/opt/homebrew/Cellar/php@7.3/7.3.33_3/include/php/Zend -I/opt/homebrew/Cellar/php@7.3/7.3.33_3/include/php/ext -I/opt/homebrew/Cellar/php@7.3/7.3.33_3/include/php/ext/date/lib -I/opt/homebrew/Cellar/zlib/1.2.13/include -I/opt/homebrew/Cellar/libmemcached/1.0.18_2/include  conftest.c >&5
configure:5493: $? = 0
configure:5493: result: yes
configure:5493: checking for stdlib.h
configure:5493: cc -c -g -O2 -I/opt/homebrew/Cellar/php@7.3/7.3.33_3/include/php -I/opt/homebrew/Cellar/php@7.3/7.3.33_3/include/php/main -I/opt/homebrew/Cellar/php@7.3/7.3.33_3/include/php/TSRM -I/opt/homebrew/Cellar/php@7.3/7.3.33_3/include/php/Zend -I/opt/homebrew/Cellar/php@7.3/7.3.33_3/include/php/ext -I/opt/homebrew/Cellar/php@7.3/7.3.33_3/include/php/ext/date/lib -I/opt/homebrew/Cellar/zlib/1.2.13/include -I/opt/homebrew/Cellar/libmemcached/1.0.18_2/include  conftest.c >&5
configure:5493: $? = 0
configure:5493: result: yes
configure:5493: checking for string.h
configure:5493: cc -c -g -O2 -I/opt/homebrew/Cellar/php@7.3/7.3.33_3/include/php -I/opt/homebrew/Cellar/php@7.3/7.3.33_3/include/php/main -I/opt/homebrew/Cellar/php@7.3/7.3.33_3/include/php/TSRM -I/opt/homebrew/Cellar/php@7.3/7.3.33_3/include/php/Zend -I/opt/homebrew/Cellar/php@7.3/7.3.33_3/include/php/ext -I/opt/homebrew/Cellar/php@7.3/7.3.33_3/include/php/ext/date/lib -I/opt/homebrew/Cellar/zlib/1.2.13/include -I/opt/homebrew/Cellar/libmemcached/1.0.18_2/include  conftest.c >&5
configure:5493: $? = 0
configure:5493: result: yes
configure:5493: checking for inttypes.h
configure:5493: cc -c -g -O2 -I/opt/homebrew/Cellar/php@7.3/7.3.33_3/include/php -I/opt/homebrew/Cellar/php@7.3/7.3.33_3/include/php/main -I/opt/homebrew/Cellar/php@7.3/7.3.33_3/include/php/TSRM -I/opt/homebrew/Cellar/php@7.3/7.3.33_3/include/php/Zend -I/opt/homebrew/Cellar/php@7.3/7.3.33_3/include/php/ext -I/opt/homebrew/Cellar/php@7.3/7.3.33_3/include/php/ext/date/lib -I/opt/homebrew/Cellar/zlib/1.2.13/include -I/opt/homebrew/Cellar/libmemcached/1.0.18_2/include  conftest.c >&5
configure:5493: $? = 0
configure:5493: result: yes
configure:5493: checking for stdint.h
configure:5493: cc -c -g -O2 -I/opt/homebrew/Cellar/php@7.3/7.3.33_3/include/php -I/opt/homebrew/Cellar/php@7.3/7.3.33_3/include/php/main -I/opt/homebrew/Cellar/php@7.3/7.3.33_3/include/php/TSRM -I/opt/homebrew/Cellar/php@7.3/7.3.33_3/include/php/Zend -I/opt/homebrew/Cellar/php@7.3/7.3.33_3/include/php/ext -I/opt/homebrew/Cellar/php@7.3/7.3.33_3/include/php/ext/date/lib -I/opt/homebrew/Cellar/zlib/1.2.13/include -I/opt/homebrew/Cellar/libmemcached/1.0.18_2/include  conftest.c >&5
configure:5493: $? = 0
configure:5493: result: yes
configure:5493: checking for strings.h
configure:5493: cc -c -g -O2 -I/opt/homebrew/Cellar/php@7.3/7.3.33_3/include/php -I/opt/homebrew/Cellar/php@7.3/7.3.33_3/include/php/main -I/opt/homebrew/Cellar/php@7.3/7.3.33_3/include/php/TSRM -I/opt/homebrew/Cellar/php@7.3/7.3.33_3/include/php/Zend -I/opt/homebrew/Cellar/php@7.3/7.3.33_3/include/php/ext -I/opt/homebrew/Cellar/php@7.3/7.3.33_3/include/php/ext/date/lib -I/opt/homebrew/Cellar/zlib/1.2.13/include -I/opt/homebrew/Cellar/libmemcached/1.0.18_2/include  conftest.c >&5
configure:5493: $? = 0
configure:5493: result: yes
configure:5493: checking for sys/stat.h
configure:5493: cc -c -g -O2 -I/opt/homebrew/Cellar/php@7.3/7.3.33_3/include/php -I/opt/homebrew/Cellar/php@7.3/7.3.33_3/include/php/main -I/opt/homebrew/Cellar/php@7.3/7.3.33_3/include/php/TSRM -I/opt/homebrew/Cellar/php@7.3/7.3.33_3/include/php/Zend -I/opt/homebrew/Cellar/php@7.3/7.3.33_3/include/php/ext -I/opt/homebrew/Cellar/php@7.3/7.3.33_3/include/php/ext/date/lib -I/opt/homebrew/Cellar/zlib/1.2.13/include -I/opt/homebrew/Cellar/libmemcached/1.0.18_2/include  conftest.c >&5
configure:5493: $? = 0
configure:5493: result: yes
configure:5493: checking for sys/types.h
configure:5493: cc -c -g -O2 -I/opt/homebrew/Cellar/php@7.3/7.3.33_3/include/php -I/opt/homebrew/Cellar/php@7.3/7.3.33_3/include/php/main -I/opt/homebrew/Cellar/php@7.3/7.3.33_3/include/php/TSRM -I/opt/homebrew/Cellar/php@7.3/7.3.33_3/include/php/Zend -I/opt/homebrew/Cellar/php@7.3/7.3.33_3/include/php/ext -I/opt/homebrew/Cellar/php@7.3/7.3.33_3/include/php/ext/date/lib -I/opt/homebrew/Cellar/zlib/1.2.13/include -I/opt/homebrew/Cellar/libmemcached/1.0.18_2/include  conftest.c >&5
configure:5493: $? = 0
configure:5493: result: yes
configure:5493: checking for unistd.h
configure:5493: cc -c -g -O2 -I/opt/homebrew/Cellar/php@7.3/7.3.33_3/include/php -I/opt/homebrew/Cellar/php@7.3/7.3.33_3/include/php/main -I/opt/homebrew/Cellar/php@7.3/7.3.33_3/include/php/TSRM -I/opt/homebrew/Cellar/php@7.3/7.3.33_3/include/php/Zend -I/opt/homebrew/Cellar/php@7.3/7.3.33_3/include/php/ext -I/opt/homebrew/Cellar/php@7.3/7.3.33_3/include/php/ext/date/lib -I/opt/homebrew/Cellar/zlib/1.2.13/include -I/opt/homebrew/Cellar/libmemcached/1.0.18_2/include  conftest.c >&5
configure:5493: $? = 0
configure:5493: result: yes
configure:5520: checking for sasl/sasl.h
configure:5520: cc -c -g -O2 -I/opt/homebrew/Cellar/php@7.3/7.3.33_3/include/php -I/opt/homebrew/Cellar/php@7.3/7.3.33_3/include/php/main -I/opt/homebrew/Cellar/php@7.3/7.3.33_3/include/php/TSRM -I/opt/homebrew/Cellar/php@7.3/7.3.33_3/include/php/Zend -I/opt/homebrew/Cellar/php@7.3/7.3.33_3/include/php/ext -I/opt/homebrew/Cellar/php@7.3/7.3.33_3/include/php/ext/date/lib -I/opt/homebrew/Cellar/zlib/1.2.13/include -I/opt/homebrew/Cellar/libmemcached/1.0.18_2/include  conftest.c >&5
configure:5520: $? = 0
configure:5520: result: yes
configure:5533: checking whether libmemcached supports sasl
configure:5557: cc -c -g -O2 -I/opt/homebrew/Cellar/php@7.3/7.3.33_3/include/php -I/opt/homebrew/Cellar/php@7.3/7.3.33_3/include/php/main -I/opt/homebrew/Cellar/php@7.3/7.3.33_3/include/php/TSRM -I/opt/homebrew/Cellar/php@7.3/7.3.33_3/include/php/Zend -I/opt/homebrew/Cellar/php@7.3/7.3.33_3/include/php/ext -I/opt/homebrew/Cellar/php@7.3/7.3.33_3/include/php/ext/date/lib -I/opt/homebrew/Cellar/zlib/1.2.13/include -I/opt/homebrew/Cellar/libmemcached/1.0.18_2/include  conftest.c >&5
configure:5557: $? = 0
configure:5567: result: yes
configure:5680: checking for sasl_client_init in -lsasl2
configure:5703: cc -o conftest -g -O2 -I/opt/homebrew/Cellar/php@7.3/7.3.33_3/include/php -I/opt/homebrew/Cellar/php@7.3/7.3.33_3/include/php/main -I/opt/homebrew/Cellar/php@7.3/7.3.33_3/include/php/TSRM -I/opt/homebrew/Cellar/php@7.3/7.3.33_3/include/php/Zend -I/opt/homebrew/Cellar/php@7.3/7.3.33_3/include/php/ext -I/opt/homebrew/Cellar/php@7.3/7.3.33_3/include/php/ext/date/lib -I/opt/homebrew/Cellar/zlib/1.2.13/include -I/opt/homebrew/Cellar/libmemcached/1.0.18_2/include   conftest.c -lsasl2   >&5
configure:5703: $? = 0
configure:5713: result: yes
configure:5774: checking for memcached protocol support
configure:6089: result: disabled
configure:6471: checking for ld used by cc
configure:6539: result: /Library/Developer/CommandLineTools/usr/bin/ld
configure:6546: checking if the linker (/Library/Developer/CommandLineTools/usr/bin/ld) is GNU ld
configure:6562: result: no
configure:6567: checking for /Library/Developer/CommandLineTools/usr/bin/ld option to reload object files
configure:6575: result: -r
configure:6593: checking for BSD-compatible nm
configure:6643: result: /usr/bin/nm -B
configure:6647: checking whether ln -s works
configure:6651: result: yes
configure:6658: checking how to recognize dependent libraries
configure:6845: result: pass_all
configure:7065: checking for dlfcn.h
configure:7065: cc -c -g -O2  conftest.c >&5
configure:7065: $? = 0
configure:7065: result: yes
configure:7084: checking the maximum length of command line arguments
configure:7197: result: 786432
configure:7209: checking command to parse /usr/bin/nm -B output from cc object
configure:7315: cc -c -g -O2  conftest.c >&5
configure:7318: $? = 0
configure:7322: /usr/bin/nm -B conftest.o \| sed -n -e 's/^.*[ 	]\([ABCDGIRSTW][ABCDGIRSTW]*\)[ 	][ 	]*\([_A-Za-z][_A-Za-z0-9]*\)$/\1 \2 \2/p' \> conftest.nm
configure:7325: $? = 0
cannot find nm_test_var in conftest.nm
configure:7315: cc -c -g -O2  conftest.c >&5
configure:7318: $? = 0
configure:7322: /usr/bin/nm -B conftest.o \| sed -n -e 's/^.*[ 	]\([ABCDGIRSTW][ABCDGIRSTW]*\)[ 	][ 	]*_\([_A-Za-z][_A-Za-z0-9]*\)$/\1 _\2 \2/p' \> conftest.nm
configure:7325: $? = 0
configure:7377: cc -o conftest -g -O2   conftest.c conftstm.o >&5
warning: (arm64)  could not find object file symbol for symbol _main
configure:7380: $? = 0
configure:7418: result: ok
configure:7422: checking for objdir
configure:7438: result: .libs
configure:7535: checking for ar
configure:7556: found /usr/bin/ar
configure:7567: result: ar
configure:7637: checking for ranlib
configure:7658: found /usr/bin/ranlib
configure:7669: result: ranlib
configure:7739: checking for strip
configure:7760: found /usr/bin/strip
configure:7771: result: strip
configure:8031: checking for dsymutil
configure:8052: found /usr/bin/dsymutil
configure:8063: result: dsymutil
configure:8133: checking for nmedit
configure:8154: found /usr/bin/nmedit
configure:8165: result: nmedit
configure:8188: checking for -single_module linker flag
configure:8210: result: yes
configure:8212: checking for -exported_symbols_list linker flag
configure:8229: cc -o conftest -g -O2   -Wl,-exported_symbols_list,conftest.sym conftest.c  >&5
configure:8232: $? = 0
configure:8246: result: yes
configure:8366: checking if cc supports -fno-rtti -fno-exceptions
configure:8385: cc -c -g -O2  -fno-rtti -fno-exceptions conftest.c >&5
configure:8389: $? = 0
configure:8402: result: yes
configure:8417: checking for cc option to produce PIC
configure:8657: result: -fno-common
configure:8665: checking if cc PIC flag -fno-common works
configure:8684: cc -c -g -O2  -fno-common -DPIC conftest.c >&5
configure:8688: $? = 0
configure:8701: result: yes
configure:8729: checking if cc static flag -static works
configure:8758: result: no
configure:8768: checking if cc supports -c -o file.o
configure:8790: cc -c -g -O2  -o out/conftest2.o conftest.c >&5
configure:8794: $? = 0
configure:8816: result: yes
configure:8842: checking whether the cc linker (/Library/Developer/CommandLineTools/usr/bin/ld) supports shared libraries
configure:9770: result: yes
configure:9837: checking dynamic linker characteristics
configure:10435: result: darwin21.6.0 dyld
configure:10461: checking how to hardcode library paths into programs
configure:10486: result: immediate
configure:10500: checking whether stripping libraries is possible
configure:10514: result: yes
configure:11018: checking if libtool supports shared libraries
configure:11020: result: yes
configure:11023: checking whether to build shared libraries
configure:11044: result: yes
configure:11047: checking whether to build static libraries
configure:11051: result: no
configure:11145: result:
creating libtool
configure:14853: creating ./config.status

## ---------------------- ##
## Running config.status. ##
## ---------------------- ##

This file was extended by config.status, which was
generated by GNU Autoconf 2.71.  Invocation command line was

  CONFIG_FILES    = 
  CONFIG_HEADERS  = 
  CONFIG_LINKS    = 
  CONFIG_COMMANDS = 
  $ ./config.status 

on Piotrs-Mac-mini.Dlink

config.status:672: creating config.h

## ---------------- ##
## Cache variables. ##
## ---------------- ##

ac_cv_build=arm-apple-darwin21.6.0
ac_cv_c_compiler_gnu=yes
ac_cv_env_CC_set=
ac_cv_env_CC_value=
ac_cv_env_CFLAGS_set=
ac_cv_env_CFLAGS_value=
ac_cv_env_CPPFLAGS_set=
ac_cv_env_CPPFLAGS_value=
ac_cv_env_CPP_set=
ac_cv_env_CPP_value=
ac_cv_env_LDFLAGS_set=
ac_cv_env_LDFLAGS_value=
ac_cv_env_LIBS_set=
ac_cv_env_LIBS_value=
ac_cv_env_build_alias_set=
ac_cv_env_build_alias_value=
ac_cv_env_host_alias_set=
ac_cv_env_host_alias_value=
ac_cv_env_target_alias_set=
ac_cv_env_target_alias_value=
ac_cv_have_memc_sasl_h=yes
ac_cv_header_dlfcn_h=yes
ac_cv_header_inttypes_h=yes
ac_cv_header_sasl_sasl_h=yes
ac_cv_header_stdint_h=yes
ac_cv_header_stdio_h=yes
ac_cv_header_stdlib_h=yes
ac_cv_header_string_h=yes
ac_cv_header_strings_h=yes
ac_cv_header_sys_stat_h=yes
ac_cv_header_sys_types_h=yes
ac_cv_header_unistd_h=yes
ac_cv_host=arm-apple-darwin21.6.0
ac_cv_lib_sasl2_sasl_client_init=yes
ac_cv_memc_sasl_support=yes
ac_cv_objext=o
ac_cv_path_EGREP='/usr/bin/grep -E'
ac_cv_path_GREP=/usr/bin/grep
ac_cv_path_PKG_CONFIG=/opt/homebrew/bin/pkg-config
ac_cv_prog_AWK=awk
ac_cv_prog_CPP='cc -E'
ac_cv_prog_ac_ct_AR=ar
ac_cv_prog_ac_ct_CC=cc
ac_cv_prog_ac_ct_DSYMUTIL=dsymutil
ac_cv_prog_ac_ct_NMEDIT=nmedit
ac_cv_prog_ac_ct_RANLIB=ranlib
ac_cv_prog_ac_ct_STRIP=strip
ac_cv_prog_cc_c11=
ac_cv_prog_cc_cc_c_o=yes
ac_cv_prog_cc_g=yes
ac_cv_prog_cc_stdc=
ac_cv_target=arm-apple-darwin21.6.0
lt_cv_apple_cc_single_mod=yes
lt_cv_deplibs_check_method=pass_all
lt_cv_file_magic_cmd='$MAGIC_CMD'
lt_cv_file_magic_test_file=
lt_cv_ld_exported_symbols_list=yes
lt_cv_ld_reload_flag=-r
lt_cv_objdir=.libs
lt_cv_path_LD=/Library/Developer/CommandLineTools/usr/bin/ld
lt_cv_path_NM='/usr/bin/nm -B'
lt_cv_path_SED=/usr/bin/sed
lt_cv_prog_compiler_c_o=yes
lt_cv_prog_compiler_pic_works=yes
lt_cv_prog_compiler_rtti_exceptions=yes
lt_cv_prog_compiler_static_works=no
lt_cv_prog_gnu_ld=no
lt_cv_sys_global_symbol_pipe='sed -n -e '\''s/^.*[ 	]\([ABCDGIRSTW][ABCDGIRSTW]*\)[ 	][ 	]*_\([_A-Za-z][_A-Za-z0-9]*\)$/\1 _\2 \2/p'\'''
lt_cv_sys_global_symbol_to_c_name_address='sed -n -e '\''s/^: \([^ ]*\) $/  {\"\1\", (lt_ptr) 0},/p'\'' -e '\''s/^[BCDEGRST] \([^ ]*\) \([^ ]*\)$/  {"\2", (lt_ptr) \&\2},/p'\'''
lt_cv_sys_global_symbol_to_cdecl='sed -n -e '\''s/^. .* \(.*\)$/extern int \1;/p'\'''
lt_cv_sys_lib_dlsearch_path_spec='/usr/local/lib /lib /usr/lib'
lt_cv_sys_lib_search_path_spec='/Library/Developer/CommandLineTools/usr/lib/clang/14.0.0 /usr/local/lib'
lt_cv_sys_max_cmd_len=786432
lt_lt_cv_prog_compiler_c_o='"yes"'
lt_lt_cv_sys_global_symbol_pipe='"sed -n -e '\''s/^.*[ 	]\\([ABCDGIRSTW][ABCDGIRSTW]*\\)[ 	][ 	]*_\\([_A-Za-z][_A-Za-z0-9]*\\)\$/\\1 _\\2 \\2/p'\''"'
lt_lt_cv_sys_global_symbol_to_c_name_address='"sed -n -e '\''s/^: \\([^ ]*\\) \$/  {\\\"\\1\\\", (lt_ptr) 0},/p'\'' -e '\''s/^[BCDEGRST] \\([^ ]*\\) \\([^ ]*\\)\$/  {\"\\2\", (lt_ptr) \\&\\2},/p'\''"'
lt_lt_cv_sys_global_symbol_to_cdecl='"sed -n -e '\''s/^. .* \\(.*\\)\$/extern int \\1;/p'\''"'
php_cv_cc_dashr=no
php_cv_cc_rpath=yes

## ----------------- ##
## Output variables. ##
## ----------------- ##

AR='ar'
AWK='awk'
CC='cc'
CFLAGS='-g -O2'
CONFIGURE_COMMAND=' '\''./configure'\''  '\''--with-zlib-dir=/opt/homebrew/Cellar/zlib/1.2.13'\'''
CONFIGURE_OPTIONS=' '\''--with-zlib-dir=/opt/homebrew/Cellar/zlib/1.2.13'\'''
CPP='cc -E'
CPPFLAGS=' -DHAVE_CONFIG_H'
DEFS='-DHAVE_CONFIG_H'
DSYMUTIL='dsymutil'
ECHO='/bin/echo'
ECHO_C='\c'
ECHO_N=''
ECHO_T=''
EGREP='/usr/bin/grep -E'
EXEEXT=''
GREP='/usr/bin/grep'
LDFLAGS=''
LIBOBJS=''
LIBS=''
LIBTOOL='$(SHELL) $(top_builddir)/libtool'
LN_S='ln -s'
LTLIBOBJS=''
NMEDIT='nmedit'
OBJEXT='o'
PACKAGE_BUGREPORT=''
PACKAGE_NAME=''
PACKAGE_STRING=''
PACKAGE_TARNAME=''
PACKAGE_URL=''
PACKAGE_VERSION=''
PATH_SEPARATOR=':'
PKG_CONFIG='/opt/homebrew/bin/pkg-config'
RANLIB='ranlib'
RE2C='exit 0;'
SED='/usr/bin/sed'
SHELL='/bin/sh'
SHLIB_DL_SUFFIX_NAME='so'
SHLIB_SUFFIX_NAME='dylib'
STRIP='strip'
ac_ct_CC='cc'
bindir='${exec_prefix}/bin'
build='arm-apple-darwin21.6.0'
build_alias=''
build_cpu='arm'
build_os='darwin21.6.0'
build_vendor='apple'
datadir='${datarootdir}'
datarootdir='${prefix}/share'
docdir='${datarootdir}/doc/${PACKAGE}'
dvidir='${docdir}'
exec_prefix='$(prefix)'
host='arm-apple-darwin21.6.0'
host_alias='arm-apple-darwin21.6.0'
host_cpu='arm'
host_os='darwin21.6.0'
host_vendor='apple'
htmldir='${docdir}'
includedir='${prefix}/include'
infodir='${datarootdir}/info'
libdir='${exec_prefix}/lib'
libexecdir='${exec_prefix}/libexec'
localedir='${datarootdir}/locale'
localstatedir='${prefix}/var'
mandir='${datarootdir}/man'
oldincludedir='/usr/include'
pdfdir='${docdir}'
prefix='/opt/homebrew/Cellar/php@7.3/7.3.33_3'
program_transform_name='s,x,x,'
psdir='${docdir}'
runstatedir='${localstatedir}/run'
sbindir='${exec_prefix}/sbin'
sharedstatedir='${prefix}/com'
sysconfdir='${prefix}/etc'
target='arm-apple-darwin21.6.0'
target_alias=''
target_cpu='arm'
target_os='darwin21.6.0'
target_vendor='apple'

## ----------- ##
## confdefs.h. ##
## ----------- ##

/* confdefs.h */
#define PACKAGE_NAME ""
#define PACKAGE_TARNAME ""
#define PACKAGE_VERSION ""
#define PACKAGE_STRING ""
#define PACKAGE_BUGREPORT ""
#define PACKAGE_URL ""
#define HAVE_MEMCACHED_SESSION 1
#define HAVE_STDIO_H 1
#define HAVE_STDLIB_H 1
#define HAVE_STRING_H 1
#define HAVE_INTTYPES_H 1
#define HAVE_STDINT_H 1
#define HAVE_STRINGS_H 1
#define HAVE_SYS_STAT_H 1
#define HAVE_SYS_TYPES_H 1
#define HAVE_UNISTD_H 1
#define STDC_HEADERS 1
#define HAVE_SASL_SASL_H 1
#define HAVE_MEMCACHED_SASL 1
#define COMPILE_DL_MEMCACHED 1
#define HAVE_DLFCN_H 1

configure: exit 0
